<?xml version="1.0" encoding="utf-8"?><testsuites name="pytest tests"><testsuite name="pytest" errors="0" failures="0" skipped="0" tests="6" time="43.479" timestamp="2026-08-14T01:21:14.743868+00:00" hostname="agent-env-e97bf3ed-de2d-46e7-b7b4-e4eba296f292"><testcase classname="tests.test_optional_regression.TestAdminUsers" name="test_list_users_no_filter" time="22.346" /><testcase classname="tests.test_optional_regression.TestAdminUsers" name="test_list_users_with_org_id" time="20.028" /><testcase classname="tests.test_optional_regression.TestSchedules" name="test_list_schedules" time="30.534" /><testcase classname="tests.test_optional_regression.TestSchedules" name="test_list_schedules_with_screen_filter" time="0.214" /><testcase classname="tests.test_optional_regression.TestSchedules" name="test_schedule_create_list_delete" time="7.927" /><testcase classname="tests.test_optional_regression.TestAddExistingMedia" name="test_add_existing_media_to_screen" time="0.777" /></testsuite></testsuites>