<?xml version="1.0" encoding="utf-8"?><testsuites name="pytest tests"><testsuite name="pytest" errors="0" failures="0" skipped="0" tests="19" time="19.527" timestamp="2026-08-13T21:18:09.155108+00:00" hostname="agent-env-ddb17c4d-861f-4f17-887a-3fbd866f54e2"><testcase classname="tests.backend_test.TestSimplifiedScreenFlow" name="test_create_screen_with_name_only" time="1.512" /><testcase classname="tests.backend_test.TestAuth" name="test_super_admin_login" time="0.726" /><testcase classname="tests.backend_test.TestAuth" name="test_owner_login" time="0.360" /><testcase classname="tests.backend_test.TestAuth" name="test_me_returns_role" time="0.137" /><testcase classname="tests.backend_test.TestAuth" name="test_brute_force_lockout" time="1.310" /><testcase classname="tests.backend_test.TestSimplifiedScreenFlow" name="test_upload_content_onto_screen_and_reorder" time="1.751" /><testcase classname="tests.backend_test.TestAdmin" name="test_overview" time="0.173" /><testcase classname="tests.backend_test.TestAdmin" name="test_org_lifecycle_and_user_lifecycle" time="2.921" /><testcase classname="tests.backend_test.TestSimplifiedScreenFlow" name="test_pair_with_code_and_screen_only" time="1.735" /><testcase classname="tests.backend_test.TestSimplifiedScreenFlow" name="test_cross_org_screen_content_forbidden" time="2.103" /><testcase classname="tests.backend_test.TestDashboardAndLocations" name="test_dashboard" time="0.172" /><testcase classname="tests.backend_test.TestDashboardAndLocations" name="test_location_crud_and_delete_with_screens_blocked" time="1.017" /><testcase classname="tests.backend_test.TestIsolation" name="test_owner_forbidden_from_admin_endpoints" time="0.807" /><testcase classname="tests.backend_test.TestMedia" name="test_upload_list_rename_serve_delete" time="1.165" /><testcase classname="tests.backend_test.TestIsolation" name="test_cross_org_screen_and_media_404" time="1.676" /><testcase classname="tests.backend_test.TestMedia" name="test_reject_bad_extension" time="0.149" /><testcase classname="tests.backend_test.TestScreens" name="test_assign_playlist_and_persist_settings" time="0.937" /><testcase classname="tests.backend_test.TestPlaylists" name="test_create_edit_version_bump" time="1.949" /><testcase classname="tests.backend_test.TestDeviceAPI" name="test_full_device_flow_and_heartbeat_update_flag" time="7.750" /></testsuite></testsuites>