<?xml version="1.0" encoding="utf-8"?><testsuites name="pytest tests"><testsuite name="pytest" errors="0" failures="3" skipped="0" tests="15" time="10.760" timestamp="2026-08-13T20:19:12.583605+00:00" hostname="agent-env-ddb17c4d-861f-4f17-887a-3fbd866f54e2"><testcase classname="tests.backend_test.TestAuth" name="test_super_admin_login" time="0.483" /><testcase classname="tests.backend_test.TestAdmin" name="test_overview" time="1.004" /><testcase classname="tests.backend_test.TestAdmin" name="test_org_lifecycle_and_user_lifecycle" time="2.894" /><testcase classname="tests.backend_test.TestAuth" name="test_owner_login" time="0.574" /><testcase classname="tests.backend_test.TestAuth" name="test_me_returns_role" time="0.163" /><testcase classname="tests.backend_test.TestAuth" name="test_brute_force_lockout" time="1.516"><failure message="AssertionError: No 429 lockout observed: [401, 401, 401, 401, 401, 401]&#10;assert 429 in [401, 401, 401, 401, 401, 401]">backend/tests/backend_test.py:93: in test_brute_force_lockout
    assert 429 in codes, f"No 429 lockout observed: {codes}"
E   AssertionError: No 429 lockout observed: [401, 401, 401, 401, 401, 401]
E   assert 429 in [401, 401, 401, 401, 401, 401]</failure></testcase><testcase classname="tests.backend_test.TestMedia" name="test_upload_list_rename_serve_delete" time="0.938"><failure message="assert 401 == 200&#10; +  where 401 = &lt;Response [401]&gt;.status_code">backend/tests/backend_test.py:260: in test_upload_list_rename_serve_delete
    assert r.status_code == 200
E   assert 401 == 200
E    +  where 401 = &lt;Response [401]&gt;.status_code</failure></testcase><testcase classname="tests.backend_test.TestMedia" name="test_reject_bad_extension" time="0.137" /><testcase classname="tests.backend_test.TestIsolation" name="test_owner_forbidden_from_admin_endpoints" time="0.664" /><testcase classname="tests.backend_test.TestDashboardAndLocations" name="test_dashboard" time="0.478" /><testcase classname="tests.backend_test.TestDashboardAndLocations" name="test_location_crud_and_delete_with_screens_blocked" time="1.174" /><testcase classname="tests.backend_test.TestIsolation" name="test_cross_org_screen_and_media_404" time="1.379" /><testcase classname="tests.backend_test.TestScreens" name="test_assign_playlist_and_persist_settings" time="2.320" /><testcase classname="tests.backend_test.TestPlaylists" name="test_create_edit_version_bump" time="3.327" /><testcase classname="tests.backend_test.TestDeviceAPI" name="test_full_device_flow_and_heartbeat_update_flag" time="2.261"><failure message="assert 403 == 200&#10; +  where 403 = &lt;Response [403]&gt;.status_code">backend/tests/backend_test.py:472: in test_full_device_flow_and_heartbeat_update_flag
    assert r.status_code == 200
E   assert 403 == 200
E    +  where 403 = &lt;Response [403]&gt;.status_code</failure></testcase></testsuite></testsuites>