<?xml version="1.0" encoding="utf-8"?><testsuites name="pytest tests"><testsuite name="pytest" errors="0" failures="0" skipped="0" tests="3" time="20.981" timestamp="2026-08-13T22:38:06.981431+00:00" hostname="agent-env-ddb17c4d-861f-4f17-887a-3fbd866f54e2"><testcase classname="tests.backend_test.TestReassignmentBugFix" name="test_reassign_triggers_update_via_playlist_id" time="8.617" /><testcase classname="tests.backend_test.TestReassignmentBugFix" name="test_reassign_same_version_different_playlist" time="6.379" /><testcase classname="tests.backend_test.TestReassignmentBugFix" name="test_heartbeat_backwards_compatible_no_playlist_id" time="5.357" /></testsuite></testsuites>